#
# There is insufficient memory for the Java Runtime Environment to continue.
# Native memory allocation (mmap) failed to map 402653184 bytes for Failed to commit area from 0x0000000681400000 to 0x0000000699400000 of length 402653184.
# Possible reasons:
#   The system is out of physical RAM or swap space
#   The process is running with CompressedOops enabled, and the Java Heap may be blocking the growth of the native heap
# Possible solutions:
#   Reduce memory load on the system
#   Increase physical memory or swap space
#   Check if swap backing store is full
#   Decrease Java heap size (-Xmx/-Xms)
#   Decrease number of Java threads
#   Decrease Java thread stack sizes (-Xss)
#   Set larger code cache with -XX:ReservedCodeCacheSize=
# This output file may be truncated or incomplete.
#
#  Out of Memory Error (./open/src/hotspot/os/windows/os_windows.cpp:3273), pid=28568, tid=27984
#
# JRE version:  (11.0.11+9) (build )
# Java VM: Java HotSpot(TM) 64-Bit Server VM (11.0.11+9-LTS-194, mixed mode, sharing, tiered, compressed oops, g1 gc, windows-amd64)
# No core dump will be written. Minidumps are not enabled by default on client versions of Windows
#

---------------  S U M M A R Y ------------

Command Line: -Dfile.encoding=MS949 --module-path=C:\Users\ksatg\Documents\SourceTree\toyClone\bin -Djdk.module.main=toyClone toyClone/toyCloneBlackJack.Blackjack

Host: Intel(R) Core(TM) i5-4690 CPU @ 3.50GHz, 4 cores, 23G,  Windows 10 , 64 bit Build 19041 (10.0.19041.1023)
Time: Sun Jun 13 17:16:26 2021 대한민국 표준시 elapsed time: 0.047081 seconds (0d 0h 0m 0s)

---------------  T H R E A D  ---------------

Current thread (0x0000026506939800):  JavaThread "Unknown thread" [_thread_in_vm, id=27984, stack(0x000000e395200000,0x000000e395300000)]

Stack: [0x000000e395200000,0x000000e395300000]
Native frames: (J=compiled Java code, j=interpreted, Vv=VM code, C=native code)
V  [jvm.dll+0x616f2a]
V  [jvm.dll+0x74de7f]
V  [jvm.dll+0x74f505]
V  [jvm.dll+0x74fb83]
V  [jvm.dll+0x2436d8]
V  [jvm.dll+0x61431a]
V  [jvm.dll+0x6090f5]
V  [jvm.dll+0x2f7eec]
V  [jvm.dll+0x2f7d72]
V  [jvm.dll+0x2fca26]
V  [jvm.dll+0x33efef]
V  [jvm.dll+0x33ea20]
V  [jvm.dll+0x2d5608]
V  [jvm.dll+0x2d6766]
V  [jvm.dll+0x7299e7]
V  [jvm.dll+0x72b28f]
V  [jvm.dll+0x34bd39]
V  [jvm.dll+0x70f360]
V  [jvm.dll+0x3b50df]
V  [jvm.dll+0x3b71e1]
C  [jli.dll+0x520b]
C  [ucrtbase.dll+0x21bb2]
C  [KERNEL32.DLL+0x17034]
C  [ntdll.dll+0x52651]


---------------  P R O C E S S  ---------------

Threads class SMR info:
_java_thread_list=0x000002650489f8c0, length=0, elements={
}

Java Threads: ( => current thread )

Other Threads:
  0x0000026506951000 GCTaskThread "GC Thread#0" [stack: 0x000000e395300000,0x000000e395400000] [id=26408]
  0x00000265069d1800 ConcurrentGCThread "G1 Main Marker" [stack: 0x000000e395400000,0x000000e395500000] [id=27052]
  0x00000265069d4000 ConcurrentGCThread "G1 Conc#0" [stack: 0x000000e395500000,0x000000e395600000] [id=28132]

[error occurred during error reporting (printing all threads), id 0xc0000005, EXCEPTION_ACCESS_VIOLATION (0xc0000005) at pc=0x00007ff900264857]

VM state:not at safepoint (not fully initialized)

VM Mutex/Monitor currently owned by a thread:  ([mutex/lock_event])
[0x00000265069363d0] Heap_lock - owner thread: 0x0000026506939800

Heap address: 0x0000000681400000, size: 6124 MB, Compressed Oops mode: Non-zero based: 0x0000000681400000
Narrow klass base: 0x0000000000000000, Narrow klass shift: 0

GC Heap History (0 events):
No events

Deoptimization events (0 events):
No events

Classes redefined (0 events):
No events

Internal exceptions (0 events):
No events

Events (0 events):
No events


Dynamic libraries:
0x00007ff7f2de0000 - 0x00007ff7f2def000 	C:\Program Files\Java\jdk-11.0.11\bin\javaw.exe
0x00007ff95a0f0000 - 0x00007ff95a2e5000 	C:\WINDOWS\SYSTEM32\ntdll.dll
0x00007ff958e40000 - 0x00007ff958efd000 	C:\WINDOWS\System32\KERNEL32.DLL
0x00007ff957b70000 - 0x00007ff957e38000 	C:\WINDOWS\System32\KERNELBASE.dll
0x00007ff957f50000 - 0x00007ff958050000 	C:\WINDOWS\System32\ucrtbase.dll
0x00007ff9533e0000 - 0x00007ff9533f8000 	C:\Program Files\Java\jdk-11.0.11\bin\jli.dll
0x00007ff959930000 - 0x00007ff9599dc000 	C:\WINDOWS\System32\ADVAPI32.dll
0x00007ff95a010000 - 0x00007ff95a0ae000 	C:\WINDOWS\System32\msvcrt.dll
0x00007ff958660000 - 0x00007ff9586fb000 	C:\WINDOWS\System32\sechost.dll
0x00007ff959650000 - 0x00007ff95977b000 	C:\WINDOWS\System32\RPCRT4.dll
0x00007ff959300000 - 0x00007ff9594a0000 	C:\WINDOWS\System32\USER32.dll
0x00007ff953450000 - 0x00007ff953465000 	C:\Program Files\Java\jdk-11.0.11\bin\VCRUNTIME140.dll
0x00007ff957830000 - 0x00007ff957852000 	C:\WINDOWS\System32\win32u.dll
0x00007ff9585d0000 - 0x00007ff9585fa000 	C:\WINDOWS\System32\GDI32.dll
0x00007ff958050000 - 0x00007ff95815b000 	C:\WINDOWS\System32\gdi32full.dll
0x00007ff957a20000 - 0x00007ff957abd000 	C:\WINDOWS\System32\msvcp_win.dll
0x00007ff944860000 - 0x00007ff944afa000 	C:\WINDOWS\WinSxS\amd64_microsoft.windows.common-controls_6595b64144ccf1df_6.0.19041.1052_none_60b8f8fd71f5e8cb\COMCTL32.dll
0x00007ff951b80000 - 0x00007ff951b8a000 	C:\WINDOWS\SYSTEM32\VERSION.dll
0x00007ff959a70000 - 0x00007ff959aa0000 	C:\WINDOWS\System32\IMM32.DLL
0x00007ff941ca0000 - 0x00007ff941d3b000 	C:\Program Files\Java\jdk-11.0.11\bin\msvcp140.dll
0x00007ff8fff80000 - 0x00007ff900a7e000 	C:\Program Files\Java\jdk-11.0.11\bin\server\jvm.dll
0x00007ff958f00000 - 0x00007ff958f08000 	C:\WINDOWS\System32\PSAPI.DLL
0x00007ff9500c0000 - 0x00007ff9500e7000 	C:\WINDOWS\SYSTEM32\WINMM.dll
0x00007ff93d9a0000 - 0x00007ff93d9a9000 	C:\WINDOWS\SYSTEM32\WSOCK32.dll
0x00007ff958fc0000 - 0x00007ff95902b000 	C:\WINDOWS\System32\WS2_32.dll
0x00007ff9557a0000 - 0x00007ff9557b2000 	C:\WINDOWS\SYSTEM32\kernel.appcore.dll
0x00007ff953390000 - 0x00007ff9533a0000 	C:\Program Files\Java\jdk-11.0.11\bin\verify.dll
0x00007ff94bc40000 - 0x00007ff94be24000 	C:\WINDOWS\SYSTEM32\DBGHELP.DLL
0x00007ff94bbf0000 - 0x00007ff94bc1c000 	C:\WINDOWS\SYSTEM32\dbgcore.DLL
0x00007ff957ec0000 - 0x00007ff957f43000 	C:\WINDOWS\System32\bcryptPrimitives.dll
0x00007ff953360000 - 0x00007ff953388000 	C:\Program Files\Java\jdk-11.0.11\bin\java.dll
0x00007ff953330000 - 0x00007ff95333a000 	C:\Program Files\Java\jdk-11.0.11\bin\jimage.dll
0x00007ff952fa0000 - 0x00007ff952fb6000 	C:\Program Files\Java\jdk-11.0.11\bin\zip.dll

dbghelp: loaded successfully - version: 4.0.5 - missing functions: none
symbol engine: initialized successfully - sym options: 0x614 - pdb path: .;C:\Program Files\Java\jdk-11.0.11\bin;C:\WINDOWS\SYSTEM32;C:\WINDOWS\WinSxS\amd64_microsoft.windows.common-controls_6595b64144ccf1df_6.0.19041.1052_none_60b8f8fd71f5e8cb;C:\Program Files\Java\jdk-11.0.11\bin\server

VM Arguments:
jvm_args: -Dfile.encoding=MS949 --module-path=C:\Users\ksatg\Documents\SourceTree\toyClone\bin -Djdk.module.main=toyClone 
java_command: toyClone/toyCloneBlackJack.Blackjack
java_class_path (initial): <not set>
Launcher Type: SUN_STANDARD

[Global flags]
     intx CICompilerCount                          = 3                                         {product} {ergonomic}
     uint ConcGCThreads                            = 1                                         {product} {ergonomic}
     uint G1ConcRefinementThreads                  = 4                                         {product} {ergonomic}
   size_t G1HeapRegionSize                         = 1048576                                   {product} {ergonomic}
    uintx GCDrainStackTargetSize                   = 64                                        {product} {ergonomic}
   size_t InitialHeapSize                          = 402653184                                 {product} {ergonomic}
   size_t MarkStackSize                            = 4194304                                   {product} {ergonomic}
   size_t MaxHeapSize                              = 6421479424                                {product} {ergonomic}
   size_t MinHeapDeltaBytes                        = 1048576                                   {product} {ergonomic}
    uintx NonNMethodCodeHeapSize                   = 5830732                                {pd product} {ergonomic}
    uintx NonProfiledCodeHeapSize                  = 122913754                              {pd product} {ergonomic}
    uintx ProfiledCodeHeapSize                     = 122913754                              {pd product} {ergonomic}
    uintx ReservedCodeCacheSize                    = 251658240                              {pd product} {ergonomic}
     bool SegmentedCodeCache                       = true                                      {product} {ergonomic}
     bool UseCompressedClassPointers               = true                                 {lp64_product} {ergonomic}
     bool UseCompressedOops                        = true                                 {lp64_product} {ergonomic}
     bool UseG1GC                                  = true                                      {product} {ergonomic}
     bool UseLargePagesIndividualAllocation        = false                                  {pd product} {ergonomic}

Logging:
Log output configuration:
 #0: stdout all=warning uptime,level,tags
 #1: stderr all=off uptime,level,tags

Environment Variables:
JAVA_HOME=C:\Program Files\Java\jdk-11.0.11
PATH=C:\Users\ksatg\Desktop\Oracle\bin;C:\oraclefile\bin;C:\Program Files (x86)\VMware\VMware Player\bin\;C:\Program Files\Common Files\Oracle\Java\javapath;C:\Windows\system32;C:\Windows;C:\Windows\System32\Wbem;C:\Windows\System32\WindowsPowerShell\v1.0\;C:\Windows\System32\OpenSSH\;C:\Program Files (x86)\NVIDIA Corporation\PhysX\Common;C:\WINDOWS\system32;C:\WINDOWS;C:\WINDOWS\System32\Wbem;C:\WINDOWS\System32\WindowsPowerShell\v1.0\;C:\WINDOWS\System32\OpenSSH\;C:\Program Files\NVIDIA Corporation\NVIDIA NvDLISR;C:\WINDOWS\system32;C:\WINDOWS;C:\WINDOWS\System32\Wbem;C:\WINDOWS\System32\WindowsPowerShell\v1.0\;C:\WINDOWS\System32\OpenSSH\;C:\Program Files\Git\cmd;C:\Users\ksatg\Desktop\MYSQL\mysql-8.0.25-winx64\bin;C:\Program Files\MySQL\MySQL Shell 8.0\bin\;C:\Program Files\Java\jdk-11.0.11\bin;C:\Users\ksatg\AppData\Local\Microsoft\WindowsApps;C:\Program Files\Bandizip\;C:\Users\ksatg\AppData\Local\atom\bin;
USERNAME=ksatg
OS=Windows_NT
PROCESSOR_IDENTIFIER=Intel64 Family 6 Model 60 Stepping 3, GenuineIntel



---------------  S Y S T E M  ---------------

OS: Windows 10 , 64 bit Build 19041 (10.0.19041.1023)

CPU:total 4 (initial active 4) (4 cores per cpu, 1 threads per core) family 6 model 60 stepping 3 microcode 0x27, cmov, cx8, fxsr, mmx, sse, sse2, sse3, ssse3, sse4.1, sse4.2, popcnt, avx, avx2, aes, clmul, erms, lzcnt, tsc, tscinvbit, bmi1, bmi2, fma

Memory: 4k page, system-wide physical 24495M (15022M free)
TotalPageFile size 38654M (AvailPageFile size 81M)
current process WorkingSet (physical memory assigned to process): 10M, peak: 10M
current process commit charge ("private bytes"): 52M, peak: 436M

vm_info: Java HotSpot(TM) 64-Bit Server VM (11.0.11+9-LTS-194) for windows-amd64 JRE (11.0.11+9-LTS-194), built on Mar 18 2021 18:46:53 by "mach5one" with MS VC++ 15.9 (VS2017)

END.
